<?xml version="1.0" encoding="UTF-8"?>
<!-- Generated by org.testng.reporters.JUnitXMLReporter -->
<testsuite ignored="0" hostname="BSNODL-27170" failures="0" tests="10" name="Surefire test" time="17.038" errors="0" timestamp="2023-10-03T17:24:08 IST">
  <testcase classname="api.test.DataDrivenTests" name="testPostUser" time="2.769"/>
  <testcase classname="api.test.DataDrivenTests" name="testPostUser" time="1.195"/>
  <testcase classname="api.test.DataDrivenTests" name="testPostUser" time="1.208"/>
  <testcase classname="api.test.DataDrivenTests" name="testDeleteUserByName" time="1.213"/>
  <testcase classname="api.test.DataDrivenTests" name="testDeleteUserByName" time="1.162"/>
  <testcase classname="api.test.DataDrivenTests" name="testDeleteUserByName" time="1.266"/>
  <testcase classname="api.test.UserTests" name="testPostUser" time="1.22"/>
  <testcase classname="api.test.UserTests" name="testGetUserByName" time="1.212"/>
  <testcase classname="api.test.UserTests" name="testUpdateUser" time="2.949"/>
  <testcase classname="api.test.UserTests" name="testDeleteUserByName" time="1.219"/>
</testsuite> <!-- Surefire test -->
