<?xml version="1.0" encoding="UTF-8"?>
<!-- Generated by org.testng.reporters.JUnitXMLReporter -->
<testsuite ignored="0" hostname="BSNODL-27170" failures="0" tests="4" name="Default test" time="9.412" errors="0" timestamp="2023-09-30T17:22:44 IST">
  <testcase classname="api.test.UserTests" name="testPostUser" time="3.809"/>
  <testcase classname="api.test.UserTests" name="testGetUserByName" time="1.255"/>
  <testcase classname="api.test.UserTests" name="testUpdateUser" time="2.847"/>
  <testcase classname="api.test.UserTests" name="testDeleteUserByName" time="1.23"/>
</testsuite> <!-- Default test -->
