<?xml version="1.0" encoding="UTF-8"?>
<testsuite xmlns:xsi="http://www.w3.org/2001/XMLSchema-instance" xsi:noNamespaceSchemaLocation="https://maven.apache.org/surefire/maven-surefire-plugin/xsd/surefire-test-report-3.0.xsd" version="3.0" name="TestSuite" time="17.528" tests="10" errors="0" skipped="0" failures="0">
  <properties>
[...]
</properties>
  <testcase name="testPostUser[2010, testUser10, John, Kenedy, a@gmail.com, test@12345, 9898765789](1)" classname="api.test.DataDrivenTests" time="2.768"/>
  <testcase name="testPostUser[3020, testUser20, Kim, Smith, b@gmail.com, test@12345, 4709732789](2)" classname="api.test.DataDrivenTests" time="1.181"/>
  <testcase name="testPostUser[4030, testUser30, Smith, Steve, c@gmail.com, test@12345, 1278784890](3)" classname="api.test.DataDrivenTests" time="1.209"/>
  <testcase name="testDeleteUserByName[testUser10](1)" classname="api.test.DataDrivenTests" time="1.213"/>
  <testcase name="testDeleteUserByName[testUser20](2)" classname="api.test.DataDrivenTests" time="1.162"/>
  <testcase name="testDeleteUserByName[testUser30](3)" classname="api.test.DataDrivenTests" time="1.267"/>
  <testcase name="testPostUser" classname="api.test.UserTests" time="1.237">
    <system-out><![CDATA[HTTP/1.1 200 OK
Date: Tue, 03 Oct 2023 11:54:00 GMT
Content-Type: application/json
Transfer-Encoding: chunked
Connection: keep-alive
Access-Control-Allow-Origin: *
Access-Control-Allow-Methods: GET, POST, DELETE, PUT
Access-Control-Allow-Headers: Content-Type, api_key, Authorization
Server: Jetty(9.2.9.v20150224)

{
    "code": 200,
    "type": "unknown",
    "message": "422619140"
}
]]></system-out>
  </testcase>
  <testcase name="testGetUserByName" classname="api.test.UserTests" time="1.196">
    <system-out><![CDATA[HTTP/1.1 200 OK
Date: Tue, 03 Oct 2023 11:54:01 GMT
Content-Type: application/json
Transfer-Encoding: chunked
Connection: keep-alive
Access-Control-Allow-Origin: *
Access-Control-Allow-Methods: GET, POST, DELETE, PUT
Access-Control-Allow-Headers: Content-Type, api_key, Authorization
Server: Jetty(9.2.9.v20150224)

{
    "id": 422619140,
    "username": "lane.rosenbaum",
    "firstName": "Fernando",
    "lastName": "Buckridge",
    "email": "dannie.harvey@example.com",
    "password": "ra7u9r1f9",
    "phone": "1-716-364-2147",
    "userStatus": 0
}
]]></system-out>
  </testcase>
  <testcase name="testUpdateUser" classname="api.test.UserTests" time="2.947">
    <system-out><![CDATA[HTTP/1.1 200 OK
Date: Tue, 03 Oct 2023 11:54:02 GMT
Content-Type: application/json
Transfer-Encoding: chunked
Connection: keep-alive
Access-Control-Allow-Origin: *
Access-Control-Allow-Methods: GET, POST, DELETE, PUT
Access-Control-Allow-Headers: Content-Type, api_key, Authorization
Server: Jetty(9.2.9.v20150224)

{
    "code": 200,
    "type": "unknown",
    "message": "422619140"
}
HTTP/1.1 200 OK
Date: Tue, 03 Oct 2023 11:54:03 GMT
Content-Type: application/json
Transfer-Encoding: chunked
Connection: keep-alive
Access-Control-Allow-Origin: *
Access-Control-Allow-Methods: GET, POST, DELETE, PUT
Access-Control-Allow-Headers: Content-Type, api_key, Authorization
Server: Jetty(9.2.9.v20150224)

{
    "id": 422619140,
    "username": "lane.rosenbaum",
    "firstName": "Ira",
    "lastName": "Murray",
    "email": "dannie.harvey@example.com",
    "password": "ra7u9r1f9",
    "phone": "1-716-364-2147",
    "userStatus": 0
}
Created UserName====lane.rosenbaum
]]></system-out>
  </testcase>
  <testcase name="testDeleteUserByName" classname="api.test.UserTests" time="1.221">
    <system-out><![CDATA[HTTP/1.1 200 OK
Date: Tue, 03 Oct 2023 11:54:05 GMT
Content-Type: application/json
Transfer-Encoding: chunked
Connection: keep-alive
Access-Control-Allow-Origin: *
Access-Control-Allow-Methods: GET, POST, DELETE, PUT
Access-Control-Allow-Headers: Content-Type, api_key, Authorization
Server: Jetty(9.2.9.v20150224)

{
    "code": 200,
    "type": "unknown",
    "message": "lane.rosenbaum"
}
]]></system-out>
  </testcase>
</testsuite>