<?xml version="1.0" encoding="UTF-8"?>
<testng-results ignored="0" total="10" passed="10" failed="0" skipped="0">
  <reporter-output>
  </reporter-output>
  <suite started-at="2023-10-03T17:23:51 IST" name="Surefire suite" finished-at="2023-10-03T17:24:08 IST" duration-ms="17038">
    <groups>
    </groups>
    <test started-at="2023-10-03T17:23:51 IST" name="Surefire test" finished-at="2023-10-03T17:24:08 IST" duration-ms="17038">
      <class name="api.test.DataDrivenTests">
        <test-method signature="testPostUser(java.lang.String,java.lang.String,java.lang.String,java.lang.String,java.lang.String,java.lang.String,java.lang.String)[pri:1, instance:api.test.DataDrivenTests@15b204a1]" started-at="2023-10-03T17:23:52 IST" name="testPostUser" data-provider="Data" finished-at="2023-10-03T17:23:55 IST" duration-ms="2769" status="PASS">
          <params>
            <param index="0">
              <value>
                <![CDATA[2010]]>
              </value>
            </param>
            <param index="1">
              <value>
                <![CDATA[testUser10]]>
              </value>
            </param>
            <param index="2">
              <value>
                <![CDATA[John]]>
              </value>
            </param>
            <param index="3">
              <value>
                <![CDATA[Kenedy]]>
              </value>
            </param>
            <param index="4">
              <value>
                <![CDATA[a@gmail.com]]>
              </value>
            </param>
            <param index="5">
              <value>
                <![CDATA[test@12345]]>
              </value>
            </param>
            <param index="6">
              <value>
                <![CDATA[9898765789]]>
              </value>
            </param>
          </params>
          <reporter-output>
          </reporter-output>
        </test-method> <!-- testPostUser -->
        <test-method signature="testPostUser(java.lang.String,java.lang.String,java.lang.String,java.lang.String,java.lang.String,java.lang.String,java.lang.String)[pri:1, instance:api.test.DataDrivenTests@15b204a1]" started-at="2023-10-03T17:23:55 IST" name="testPostUser" data-provider="Data" finished-at="2023-10-03T17:23:56 IST" duration-ms="1195" status="PASS">
          <params>
            <param index="0">
              <value>
                <![CDATA[3020]]>
              </value>
            </param>
            <param index="1">
              <value>
                <![CDATA[testUser20]]>
              </value>
            </param>
            <param index="2">
              <value>
                <![CDATA[Kim]]>
              </value>
            </param>
            <param index="3">
              <value>
                <![CDATA[Smith]]>
              </value>
            </param>
            <param index="4">
              <value>
                <![CDATA[b@gmail.com]]>
              </value>
            </param>
            <param index="5">
              <value>
                <![CDATA[test@12345]]>
              </value>
            </param>
            <param index="6">
              <value>
                <![CDATA[4709732789]]>
              </value>
            </param>
          </params>
          <reporter-output>
          </reporter-output>
        </test-method> <!-- testPostUser -->
        <test-method signature="testPostUser(java.lang.String,java.lang.String,java.lang.String,java.lang.String,java.lang.String,java.lang.String,java.lang.String)[pri:1, instance:api.test.DataDrivenTests@15b204a1]" started-at="2023-10-03T17:23:56 IST" name="testPostUser" data-provider="Data" finished-at="2023-10-03T17:23:57 IST" duration-ms="1208" status="PASS">
          <params>
            <param index="0">
              <value>
                <![CDATA[4030]]>
              </value>
            </param>
            <param index="1">
              <value>
                <![CDATA[testUser30]]>
              </value>
            </param>
            <param index="2">
              <value>
                <![CDATA[Smith]]>
              </value>
            </param>
            <param index="3">
              <value>
                <![CDATA[Steve]]>
              </value>
            </param>
            <param index="4">
              <value>
                <![CDATA[c@gmail.com]]>
              </value>
            </param>
            <param index="5">
              <value>
                <![CDATA[test@12345]]>
              </value>
            </param>
            <param index="6">
              <value>
                <![CDATA[1278784890]]>
              </value>
            </param>
          </params>
          <reporter-output>
          </reporter-output>
        </test-method> <!-- testPostUser -->
        <test-method signature="testDeleteUserByName(java.lang.String)[pri:2, instance:api.test.DataDrivenTests@15b204a1]" started-at="2023-10-03T17:23:57 IST" name="testDeleteUserByName" data-provider="UserNames" finished-at="2023-10-03T17:23:59 IST" duration-ms="1213" status="PASS">
          <params>
            <param index="0">
              <value>
                <![CDATA[testUser10]]>
              </value>
            </param>
          </params>
          <reporter-output>
          </reporter-output>
        </test-method> <!-- testDeleteUserByName -->
        <test-method signature="testDeleteUserByName(java.lang.String)[pri:2, instance:api.test.DataDrivenTests@15b204a1]" started-at="2023-10-03T17:23:59 IST" name="testDeleteUserByName" data-provider="UserNames" finished-at="2023-10-03T17:24:00 IST" duration-ms="1162" status="PASS">
          <params>
            <param index="0">
              <value>
                <![CDATA[testUser20]]>
              </value>
            </param>
          </params>
          <reporter-output>
          </reporter-output>
        </test-method> <!-- testDeleteUserByName -->
        <test-method signature="testDeleteUserByName(java.lang.String)[pri:2, instance:api.test.DataDrivenTests@15b204a1]" started-at="2023-10-03T17:24:00 IST" name="testDeleteUserByName" data-provider="UserNames" finished-at="2023-10-03T17:24:01 IST" duration-ms="1266" status="PASS">
          <params>
            <param index="0">
              <value>
                <![CDATA[testUser30]]>
              </value>
            </param>
          </params>
          <reporter-output>
          </reporter-output>
        </test-method> <!-- testDeleteUserByName -->
      </class> <!-- api.test.DataDrivenTests -->
      <class name="api.test.UserTests">
        <test-method is-config="true" signature="setUp()[pri:0, instance:api.test.UserTests@4b5a5ed1]" started-at="2023-10-03T17:24:01 IST" name="setUp" finished-at="2023-10-03T17:24:01 IST" duration-ms="123" status="PASS">
          <reporter-output>
          </reporter-output>
        </test-method> <!-- setUp -->
        <test-method signature="testPostUser()[pri:1, instance:api.test.UserTests@4b5a5ed1]" started-at="2023-10-03T17:24:01 IST" name="testPostUser" finished-at="2023-10-03T17:24:02 IST" duration-ms="1220" status="PASS">
          <reporter-output>
          </reporter-output>
        </test-method> <!-- testPostUser -->
        <test-method signature="testGetUserByName()[pri:2, instance:api.test.UserTests@4b5a5ed1]" started-at="2023-10-03T17:24:02 IST" name="testGetUserByName" finished-at="2023-10-03T17:24:04 IST" duration-ms="1212" status="PASS">
          <reporter-output>
          </reporter-output>
        </test-method> <!-- testGetUserByName -->
        <test-method signature="testUpdateUser()[pri:3, instance:api.test.UserTests@4b5a5ed1]" started-at="2023-10-03T17:24:04 IST" name="testUpdateUser" finished-at="2023-10-03T17:24:07 IST" duration-ms="2949" status="PASS">
          <reporter-output>
          </reporter-output>
        </test-method> <!-- testUpdateUser -->
        <test-method signature="testDeleteUserByName()[pri:4, instance:api.test.UserTests@4b5a5ed1]" started-at="2023-10-03T17:24:07 IST" name="testDeleteUserByName" finished-at="2023-10-03T17:24:08 IST" duration-ms="1219" status="PASS">
          <reporter-output>
          </reporter-output>
        </test-method> <!-- testDeleteUserByName -->
      </class> <!-- api.test.UserTests -->
    </test> <!-- Surefire test -->
  </suite> <!-- Surefire suite -->
</testng-results>
