<?xml version="1.0" encoding="UTF-8"?>
<testng-results ignored="0" total="4" passed="4" failed="0" skipped="0">
  <reporter-output>
  </reporter-output>
  <suite started-at="2023-10-03T16:55:41 IST" name="APISuite" finished-at="2023-10-03T16:55:50 IST" duration-ms="8548">
    <groups>
    </groups>
    <test started-at="2023-10-03T16:55:41 IST" name="APITests" finished-at="2023-10-03T16:55:50 IST" duration-ms="8548">
      <class name="api.test.UserTests">
        <test-method is-config="true" signature="setUp()[pri:0, instance:api.test.UserTests@5d0bf09b]" started-at="2023-10-03T16:55:41 IST" name="setUp" finished-at="2023-10-03T16:55:42 IST" duration-ms="561" status="PASS">
          <reporter-output>
          </reporter-output>
        </test-method> <!-- setUp -->
        <test-method signature="testPostUser()[pri:1, instance:api.test.UserTests@5d0bf09b]" started-at="2023-10-03T16:55:42 IST" name="testPostUser" finished-at="2023-10-03T16:55:45 IST" duration-ms="2579" status="PASS">
          <reporter-output>
          </reporter-output>
        </test-method> <!-- testPostUser -->
        <test-method signature="testGetUserByName()[pri:2, instance:api.test.UserTests@5d0bf09b]" started-at="2023-10-03T16:55:45 IST" name="testGetUserByName" finished-at="2023-10-03T16:55:46 IST" duration-ms="1206" status="PASS">
          <reporter-output>
          </reporter-output>
        </test-method> <!-- testGetUserByName -->
        <test-method signature="testUpdateUser()[pri:3, instance:api.test.UserTests@5d0bf09b]" started-at="2023-10-03T16:55:46 IST" name="testUpdateUser" finished-at="2023-10-03T16:55:49 IST" duration-ms="2931" status="PASS">
          <reporter-output>
          </reporter-output>
        </test-method> <!-- testUpdateUser -->
        <test-method signature="testDeleteUserByName()[pri:4, instance:api.test.UserTests@5d0bf09b]" started-at="2023-10-03T16:55:49 IST" name="testDeleteUserByName" finished-at="2023-10-03T16:55:50 IST" duration-ms="1221" status="PASS">
          <reporter-output>
          </reporter-output>
        </test-method> <!-- testDeleteUserByName -->
      </class> <!-- api.test.UserTests -->
    </test> <!-- APITests -->
  </suite> <!-- APISuite -->
</testng-results>
